[2020-11-13 22:29:12,741] SEVERE {b7a.log.crash} - null 
java.lang.NullPointerException
	at org.ballerinalang.stdlib.log.AbstractLogFunction$1.get(AbstractLogFunction.java:75)
	at org.ballerinalang.stdlib.log.AbstractLogFunction$1.get(AbstractLogFunction.java:65)
	at org.ballerinalang.stdlib.log.AbstractLogFunction.logMessage(AbstractLogFunction.java:80)
	at org.ballerinalang.stdlib.log.Utils.printInfo(Utils.java:71)
	at ballerina.log.1_0_1.natives.printInfo(natives.bal:58)
	at kasthuriraajan.oauthExercise.0_1_0.main.main(main.bal:43)
	at kasthuriraajan.oauthExercise.0_1_0.$_init.$lambda$main$(oauthExercise)
	at io.ballerina.runtime.scheduling.SchedulerItem.execute(Scheduler.java:501)
	at io.ballerina.runtime.scheduling.Scheduler.run(Scheduler.java:277)
	at io.ballerina.runtime.scheduling.Scheduler.runSafely(Scheduler.java:245)
	at java.base/java.lang.Thread.run(Unknown Source)
 
[2020-11-13 22:29:12,757] SEVERE {b7a.log.crash} - null 
java.lang.NullPointerException
	at org.ballerinalang.stdlib.log.AbstractLogFunction$1.get(AbstractLogFunction.java:75)
	at org.ballerinalang.stdlib.log.AbstractLogFunction$1.get(AbstractLogFunction.java:65)
	at org.ballerinalang.stdlib.log.AbstractLogFunction.logMessage(AbstractLogFunction.java:80)
	at org.ballerinalang.stdlib.log.Utils.printInfo(Utils.java:71)
	at ballerina.log.1_0_1.natives.printInfo(natives.bal:58)
	at kasthuriraajan.oauthExercise.0_1_0.main.main(main.bal:43)
	at kasthuriraajan.oauthExercise.0_1_0.$_init.$lambda$main$(oauthExercise)
	at io.ballerina.runtime.scheduling.SchedulerItem.execute(Scheduler.java:501)
	at io.ballerina.runtime.scheduling.Scheduler.run(Scheduler.java:277)
	at io.ballerina.runtime.scheduling.Scheduler.runSafely(Scheduler.java:245)
	at java.base/java.lang.Thread.run(Unknown Source)
 
[2020-11-13 22:30:23,682] SEVERE {b7a.log.crash} - null 
java.lang.NullPointerException
	at org.ballerinalang.stdlib.log.AbstractLogFunction$1.get(AbstractLogFunction.java:75)
	at org.ballerinalang.stdlib.log.AbstractLogFunction$1.get(AbstractLogFunction.java:65)
	at org.ballerinalang.stdlib.log.AbstractLogFunction.logMessage(AbstractLogFunction.java:80)
	at org.ballerinalang.stdlib.log.Utils.printInfo(Utils.java:71)
	at ballerina.log.1_0_1.natives.printInfo(natives.bal:58)
	at kasthuriraajan.oauthExercise.0_1_0.main.main(main.bal:43)
	at kasthuriraajan.oauthExercise.0_1_0.$_init.$lambda$main$(oauthExercise)
	at io.ballerina.runtime.scheduling.SchedulerItem.execute(Scheduler.java:501)
	at io.ballerina.runtime.scheduling.Scheduler.run(Scheduler.java:277)
	at io.ballerina.runtime.scheduling.Scheduler.runSafely(Scheduler.java:245)
	at java.base/java.lang.Thread.run(Unknown Source)
 
[2020-11-13 22:30:23,703] SEVERE {b7a.log.crash} - null 
java.lang.NullPointerException
	at org.ballerinalang.stdlib.log.AbstractLogFunction$1.get(AbstractLogFunction.java:75)
	at org.ballerinalang.stdlib.log.AbstractLogFunction$1.get(AbstractLogFunction.java:65)
	at org.ballerinalang.stdlib.log.AbstractLogFunction.logMessage(AbstractLogFunction.java:80)
	at org.ballerinalang.stdlib.log.Utils.printInfo(Utils.java:71)
	at ballerina.log.1_0_1.natives.printInfo(natives.bal:58)
	at kasthuriraajan.oauthExercise.0_1_0.main.main(main.bal:43)
	at kasthuriraajan.oauthExercise.0_1_0.$_init.$lambda$main$(oauthExercise)
	at io.ballerina.runtime.scheduling.SchedulerItem.execute(Scheduler.java:501)
	at io.ballerina.runtime.scheduling.Scheduler.run(Scheduler.java:277)
	at io.ballerina.runtime.scheduling.Scheduler.runSafely(Scheduler.java:245)
	at java.base/java.lang.Thread.run(Unknown Source)
 
